行 399: 控件 SSTab1 的类 TabDlg.SSTab 不是一个已加载的控件类。
行 683: 控件 RichTextBox1 的类 RichTextLib.RichTextBox 不是一个已加载的控件类。
行 1040: 控件 RichDataSA 的类 RichTextLib.RichTextBox 不是一个已加载的控件类。
行 1094: 控件 RichDataS 的类 RichTextLib.RichTextBox 不是一个已加载的控件类。
行 1543: 控件 RichDataA 的类 RichTextLib.RichTextBox 不是一个已加载的控件类。
行 1597: 控件 RichDataM 的类 RichTextLib.RichTextBox 不是一个已加载的控件类。
行 405: 属性名 _ExtentX 在 SSTab1 中是无效的。
行 406: 属性名 _ExtentY 在 SSTab1 中是无效的。
行 407: 属性名 _Version 在 SSTab1 中是无效的。
行 408: 属性名 Tabs 在 SSTab1 中是无效的。
行 409: 属性名 TabHeight 在 SSTab1 中是无效的。
行 410: 属性名 WordWrap 在 SSTab1 中是无效的。
行 411: 属性名 TabCaption(0) 在 SSTab1 中是无效的。
行 412: 属性名 TabPicture(0) 在 SSTab1 中是无效的。
行 413: 属性名 Tab(0).ControlEnabled 在 SSTab1 中是无效的。
行 414: 属性名 Tab(0).Control(0) 在 SSTab1 中是无效的。
行 415: 属性名 Tab(0).Control(0).Enabled 在 SSTab1 中是无效的。
行 416: 属性名 Tab(0).Control(1) 在 SSTab1 中是无效的。
行 417: 属性名 Tab(0).Control(1).Enabled 在 SSTab1 中是无效的。
行 418: 属性名 Tab(0).Control(2) 在 SSTab1 中是无效的。
行 419: 属性名 Tab(0).Control(2).Enabled 在 SSTab1 中是无效的。
行 420: 属性名 Tab(0).Control(3) 在 SSTab1 中是无效的。
行 421: 属性名 Tab(0).Control(3).Enabled 在 SSTab1 中是无效的。
行 422: 属性名 Tab(0).Control(4) 在 SSTab1 中是无效的。
行 423: 属性名 Tab(0).Control(4).Enabled 在 SSTab1 中是无效的。
行 424: 属性名 Tab(0).Control(5) 在 SSTab1 中是无效的。
行 425: 属性名 Tab(0).Control(5).Enabled 在 SSTab1 中是无效的。
行 426: 属性名 Tab(0).Control(6) 在 SSTab1 中是无效的。
行 427: 属性名 Tab(0).Control(6).Enabled 在 SSTab1 中是无效的。
行 428: 属性名 Tab(0).Control(7) 在 SSTab1 中是无效的。
行 429: 属性名 Tab(0).Control(7).Enabled 在 SSTab1 中是无效的。
行 430: 属性名 Tab(0).Control(8) 在 SSTab1 中是无效的。
行 431: 属性名 Tab(0).Control(8).Enabled 在 SSTab1 中是无效的。
行 432: 属性名 Tab(0).ControlCount 在 SSTab1 中是无效的。
行 433: 属性名 TabCaption(1) 在 SSTab1 中是无效的。
行 434: 属性名 TabPicture(1) 在 SSTab1 中是无效的。
行 435: 属性名 Tab(1).ControlEnabled 在 SSTab1 中是无效的。
行 436: 属性名 Tab(1).Control(0) 在 SSTab1 中是无效的。
行 437: 属性名 Tab(1).Control(1) 在 SSTab1 中是无效的。
行 438: 属性名 Tab(1).Control(2) 在 SSTab1 中是无效的。
行 439: 属性名 Tab(1).Control(3) 在 SSTab1 中是无效的。
行 440: 属性名 Tab(1).Control(4) 在 SSTab1 中是无效的。
行 441: 属性名 Tab(1).Control(5) 在 SSTab1 中是无效的。
行 442: 属性名 Tab(1).ControlCount 在 SSTab1 中是无效的。
行 443: 属性名 TabCaption(2) 在 SSTab1 中是无效的。
行 444: 属性名 TabPicture(2) 在 SSTab1 中是无效的。
行 445: 属性名 Tab(2).ControlEnabled 在 SSTab1 中是无效的。
行 446: 属性名 Tab(2).Control(0) 在 SSTab1 中是无效的。
行 447: 属性名 Tab(2).Control(1) 在 SSTab1 中是无效的。
行 448: 属性名 Tab(2).Control(2) 在 SSTab1 中是无效的。
行 449: 属性名 Tab(2).Control(3) 在 SSTab1 中是无效的。
行 450: 属性名 Tab(2).Control(4) 在 SSTab1 中是无效的。
行 451: 属性名 Tab(2).ControlCount 在 SSTab1 中是无效的。
行 452: 属性名 TabCaption(3) 在 SSTab1 中是无效的。
行 453: 属性名 TabPicture(3) 在 SSTab1 中是无效的。
行 454: 属性名 Tab(3).ControlEnabled 在 SSTab1 中是无效的。
行 455: 属性名 Tab(3).Control(0) 在 SSTab1 中是无效的。
行 456: 属性名 Tab(3).Control(1) 在 SSTab1 中是无效的。
行 457: 属性名 Tab(3).Control(2) 在 SSTab1 中是无效的。
行 458: 属性名 Tab(3).Control(3) 在 SSTab1 中是无效的。
行 459: 属性名 Tab(3).Control(4) 在 SSTab1 中是无效的。
行 460: 属性名 Tab(3).Control(5) 在 SSTab1 中是无效的。
行 461: 属性名 Tab(3).Control(6) 在 SSTab1 中是无效的。
行 462: 属性名 Tab(3).Control(7) 在 SSTab1 中是无效的。
行 463: 属性名 Tab(3).Control(8) 在 SSTab1 中是无效的。
行 464: 属性名 Tab(3).ControlCount 在 SSTab1 中是无效的。
行 465: 属性名 TabCaption(4) 在 SSTab1 中是无效的。
行 466: 属性名 TabPicture(4) 在 SSTab1 中是无效的。
行 467: 属性名 Tab(4).ControlEnabled 在 SSTab1 中是无效的。
行 468: 属性名 Tab(4).Control(0) 在 SSTab1 中是无效的。
行 469: 属性名 Tab(4).Control(0).Enabled 在 SSTab1 中是无效的。
行 470: 属性名 Tab(4).Control(1) 在 SSTab1 中是无效的。
行 471: 属性名 Tab(4).Control(1).Enabled 在 SSTab1 中是无效的。
行 472: 属性名 Tab(4).Control(2) 在 SSTab1 中是无效的。
行 473: 属性名 Tab(4).Control(2).Enabled 在 SSTab1 中是无效的。
行 474: 属性名 Tab(4).ControlCount 在 SSTab1 中是无效的。
行 475: 属性名 TabCaption(5) 在 SSTab1 中是无效的。
行 476: 属性名 TabPicture(5) 在 SSTab1 中是无效的。
行 477: 属性名 Tab(5).ControlEnabled 在 SSTab1 中是无效的。
行 478: 属性名 Tab(5).Control(0) 在 SSTab1 中是无效的。
行 479: 属性名 Tab(5).Control(0).Enabled 在 SSTab1 中是无效的。
行 480: 属性名 Tab(5).Control(1) 在 SSTab1 中是无效的。
行 481: 属性名 Tab(5).Control(1).Enabled 在 SSTab1 中是无效的。
行 482: 属性名 Tab(5).Control(2) 在 SSTab1 中是无效的。
行 483: 属性名 Tab(5).Control(2).Enabled 在 SSTab1 中是无效的。
行 484: 属性名 Tab(5).ControlCount 在 SSTab1 中是无效的。
行 689: 属性名 _ExtentX 在 RichTextBox1 中是无效的。
行 690: 属性名 _ExtentY 在 RichTextBox1 中是无效的。
行 691: 属性名 _Version 在 RichTextBox1 中是无效的。
行 693: 属性名 ScrollBars 在 RichTextBox1 中是无效的。
行 694: 属性名 RightMargin 在 RichTextBox1 中是无效的。
行 695: 属性名 TextRTF 在 RichTextBox1 中是无效的。
行 1046: 属性名 _ExtentX 在 RichDataSA 中是无效的。
行 1047: 属性名 _ExtentY 在 RichDataSA 中是无效的。
行 1048: 属性名 _Version 在 RichDataSA 中是无效的。
行 1050: 属性名 ScrollBars 在 RichDataSA 中是无效的。
行 1051: 属性名 RightMargin 在 RichDataSA 中是无效的。
行 1052: 属性名 TextRTF 在 RichDataSA 中是无效的。
行 1100: 属性名 _ExtentX 在 RichDataS 中是无效的。
行 1101: 属性名 _ExtentY 在 RichDataS 中是无效的。
行 1102: 属性名 _Version 在 RichDataS 中是无效的。
行 1104: 属性名 ScrollBars 在 RichDataS 中是无效的。
行 1105: 属性名 RightMargin 在 RichDataS 中是无效的。
行 1106: 属性名 TextRTF 在 RichDataS 中是无效的。
行 1549: 属性名 _ExtentX 在 RichDataA 中是无效的。
行 1550: 属性名 _ExtentY 在 RichDataA 中是无效的。
行 1551: 属性名 _Version 在 RichDataA 中是无效的。
行 1553: 属性名 ScrollBars 在 RichDataA 中是无效的。
行 1554: 属性名 RightMargin 在 RichDataA 中是无效的。
行 1555: 属性名 TextRTF 在 RichDataA 中是无效的。
行 1603: 属性名 _ExtentX 在 RichDataM 中是无效的。
行 1604: 属性名 _ExtentY 在 RichDataM 中是无效的。
行 1605: 属性名 _Version 在 RichDataM 中是无效的。
行 1607: 属性名 ScrollBars 在 RichDataM 中是无效的。
行 1608: 属性名 RightMargin 在 RichDataM 中是无效的。
行 1609: 属性名 TextRTF 在 RichDataM 中是无效的。
